[37mDEBU[0m[02 Aug 18 19:50 -0700] PreRun                                        [37marguments[0m=[] [37mcommand[0m=init
[37mDEBU[0m[02 Aug 18 19:50 -0700] configure debug middleware                   
[37mDEBU[0m[02 Aug 18 19:50 -0700] configure logging middleware                 
[37mDEBU[0m[02 Aug 18 19:50 -0700] setup logger middleware: panic               
[37mDEBU[0m[02 Aug 18 19:50 -0700] configure auth middleware                    
[37mDEBU[0m[02 Aug 18 19:50 -0700] setup credentials                             [37mcredentials[0m=0x146b000
[37mDEBU[0m[02 Aug 18 19:50 -0700] configure client middleware                  
[37mDEBU[0m[02 Aug 18 19:50 -0700] setup API endpoint                            [37mendpoint[0m="https://api.netlify.com"
[37mDEBU[0m[02 Aug 18 19:50 -0700] POST /api/v1/sites?configure_dns=false HTTP/1.1
Host: api.netlify.com
User-Agent: netlifyctl
Content-Length: 24
Accept: application/json
Authorization: Bearer b1a6a3087bfc0a39ef29712dd8820db7a3d2134bb43c7377d159c60b4cf7ce9d
Content-Type: application/json
Accept-Encoding: gzip

{"domain_aliases":null}

 
[37mDEBU[0m[02 Aug 18 19:50 -0700] HTTP/1.1 201 Created
Transfer-Encoding: chunked
Alt-Svc: clear
Cache-Control: max-age=0, private, must-revalidate
Content-Type: application/json; charset=utf-8
Date: Fri, 03 Aug 2018 02:50:47 GMT
Etag: W/"d1fe7dd302b1f446f26edc62c3ab2df7"
Location: https://api.netlify.com/api/v1/sites/0f9153d1-35c6-47c2-ade8-d1aaf609457a
Vary: Origin
Via: 1.1 google
X-Frame-Options: ALLOWALL
X-Ratelimit-Limit: 500
X-Ratelimit-Remaining: 499
X-Ratelimit-Reset: 2018-08-03 02:51:47 UTC
X-Request-Id: b4dace1c-b4c1-4307-819d-507f639065fc
X-Runtime: 0.050697

94e
{"id":"0f9153d1-35c6-47c2-ade8-d1aaf609457a","site_id":"0f9153d1-35c6-47c2-ade8-d1aaf609457a","plan":"nf_team_dev","plan_data":{"title":"Netlify Team Free","asset_acceleration":true,"form_processing":true,"cdn_propagation":"partial","build_gc_exchange":"buildbot-gc","build_node_pool":"buildbot-external-ssd","build_cluster":"ha2","domain_aliases":true,"secure_site":false,"prerendering":true,"proxying":true,"ssl":"custom","rate_cents":0,"yearly_rate_cents":0,"cdn_network":"free_cdn_network","branch_deploy":true,"managed_dns":true,"geo_ip":true,"split_testing":true,"id":"nf_team_dev"},"ssl_plan":null,"premium":false,"claimed":true,"name":"upbeat-varahamihira-5b2c7c","custom_domain":null,"domain_aliases":[],"password":null,"notification_email":null,"url":"http://upbeat-varahamihira-5b2c7c.netlify.com","admin_url":"https://app.netlify.com/sites/upbeat-varahamihira-5b2c7c","deploy_id":"","build_id":"","deploy_url":"http://.upbeat-varahamihira-5b2c7c.netlify.com","state":"current","screenshot_url":null,"created_at":"2018-08-03T02:50:47.664Z","updated_at":"2018-08-03T02:50:47.664Z","user_id":"5aac91a9295b556fd2fe70b9","error_message":null,"ssl":false,"ssl_url":"https://upbeat-varahamihira-5b2c7c.netlify.com","force_ssl":null,"ssl_status":null,"max_domain_aliases":100,"build_settings":null,"processing_settings":{"css":{"bundle":true,"minify":true},"js":{"bundle":true,"minify":true},"images":{"optimize":true},"html":{"pretty_urls":true},"skip":true},"prerender":null,"prerender_headers":null,"deploy_hook":null,"published_deploy":null,"managed_dns":true,"jwt_secret":null,"account_slug":"codetony25","account_name":"Tony Tai Nguyen","account_type":"personal","capabilities":{"title":"Netlify Team Free","asset_acceleration":true,"form_processing":true,"cdn_propagation":"partial","build_gc_exchange":"buildbot-gc","build_node_pool":"buildbot-external-ssd","build_cluster":"ha2","domain_aliases":true,"secure_site":false,"prerendering":true,"proxying":true,"ssl":"custom","rate_cents":0,"yearly_rate_cents":0,"cdn_network":"free_cdn_network","branch_deploy":true,"managed_dns":true,"geo_ip":true,"split_testing":true,"id":"nf_team_dev"},"active_subscription_ids":[],"external_contributors_enabled":true,"paid_individual_site_subscription":false,"dns_zone_id":null,"identity_instance_id":null,"use_functions":null,"parent_user_id":null,"automatic_tls_provisioning":null}
0


 
[31mERRO[0m[02 Aug 18 19:51 -0700] command failed                                [31merror[0m="GET https://api.github.com/repos/codetony25/codeforapps.git: 404 Not Found []"
